|BATCH_LOSS: 0.00000 | TPS:   350192 tokens/sec. | ITERS: 7732 / 7732 | EPOCHS: 4.00 | COMP: 100.00% | LR: 0.0001 it./s | SPD: 187.1428 ms/it.| ERT: (0, 0, 0, 0) | ET: (0, 0, 31, 3)                   
val>|ITERS: 100 / 100 | COMP: 100.00% | RATE: 10.60 it./s | SPD: 0.0943 s/it.| ERT: (0, 0, 0, 0) | ET: (0, 0, 0, 20)                                                                                    

vocab_size: 30

Compiling the model... (takes a ~minute)

Evaluating initial loss

INITIAL LOSS: train loss 22.44124984741211 | val loss 22.5

INIT ITER TIME: 174.63190388679504

INIT ITER TIME: 0.21019220352172852

INIT ITER TIME: 0.1913440227508545

INIT ITER TIME: 0.1921842098236084

INIT ITER TIME: 0.19247722625732422

INIT ITER TIME: 0.1948859691619873

INIT ITER TIME: 0.19226741790771484

INIT ITER TIME: 0.19325947761535645

INIT ITER TIME: 0.1909961700439453

INIT ITER TIME: 0.1903090476989746

INIT ITER TIME: 0.19092559814453125


Evaluation and checkpointing ...



checkpoint_2025-12-31_03-06 : iter        966 | epoch 0.50 | train loss 0.0003069538 | val loss 0.0008811951



Evaluation and checkpointing ...



checkpoint_2025-12-31_03-09 : iter       1932 | epoch 1.00 | train loss 0.0000149309 | val loss 0.0000018701



Evaluation and checkpointing ...



checkpoint_2025-12-31_03-13 : iter       2898 | epoch 1.50 | train loss 0.0000001014 | val loss 0.0000000792



Evaluation and checkpointing ...



checkpoint_2025-12-31_03-16 : iter       3864 | epoch 2.00 | train loss 0.0000000037 | val loss 0.0000000028



Evaluation and checkpointing ...



checkpoint_2025-12-31_03-20 : iter       4830 | epoch 2.50 | train loss 0.0000335173 | val loss 0.0000138879



Evaluation and checkpointing ...



checkpoint_2025-12-31_03-23 : iter       5796 | epoch 3.00 | train loss 0.0000012618 | val loss 0.0000014231



Evaluation and checkpointing ...



checkpoint_2025-12-31_03-26 : iter       6762 | epoch 3.50 | train loss 0.0000000072 | val loss 0.0000000070



Evaluation and checkpointing ...



checkpoint_2025-12-31_03-30 : iter       7728 | epoch 4.00 | train loss 0.0000000012 | val loss 0.0000000016



Evaluation and checkpointing ...



checkpoint_2025-12-31_03-30 : iter       7732 | epoch 4.00 | train loss 0.0000000012 | val loss 0.0000000017

