|BATCH_LOSS: 0.00000 | TPS:   443034 tokens/sec. | ITERS: 7732 / 7732 | EPOCHS: 4.00 | COMP: 100.00% | LR: 0.0001 it./s | SPD: 147.9254 ms/it.| ERT: (0, 0, 0, 0) | ET: (0, 0, 26, 17)                  
val>|ITERS: 100 / 100 | COMP: 100.00% | RATE: 14.88 it./s | SPD: 0.0672 s/it.| ERT: (0, 0, 0, 0) | ET: (0, 0, 0, 15)                                                                                    

vocab_size: 30

Compiling the model... (takes a ~minute)

Evaluating initial loss

INITIAL LOSS: train loss 33.845001220703125 | val loss 34.0

INIT ITER TIME: 130.21807408332825

INIT ITER TIME: 0.17862176895141602

INIT ITER TIME: 0.15516138076782227

INIT ITER TIME: 0.15032339096069336

INIT ITER TIME: 0.14938712120056152

INIT ITER TIME: 0.14991211891174316

INIT ITER TIME: 0.14887070655822754

INIT ITER TIME: 0.15582728385925293

INIT ITER TIME: 0.14935588836669922

INIT ITER TIME: 0.15004539489746094

INIT ITER TIME: 0.14853405952453613


Evaluation and checkpointing ...



checkpoint_2025-12-30_18-35 : iter        966 | epoch 0.50 | train loss 0.0001734602 | val loss 0.0000920296



Evaluation and checkpointing ...



checkpoint_2025-12-30_18-38 : iter       1932 | epoch 1.00 | train loss 0.0001299107 | val loss 0.0007476807



Evaluation and checkpointing ...



checkpoint_2025-12-30_18-41 : iter       2898 | epoch 1.50 | train loss 0.0000029782 | val loss 0.0000008345



Evaluation and checkpointing ...



checkpoint_2025-12-30_18-44 : iter       3864 | epoch 2.00 | train loss 0.0000000035 | val loss 0.0000000035



Evaluation and checkpointing ...



checkpoint_2025-12-30_18-47 : iter       4830 | epoch 2.50 | train loss 0.0000000015 | val loss 0.0000000015



Evaluation and checkpointing ...



checkpoint_2025-12-30_18-50 : iter       5796 | epoch 3.00 | train loss 0.0000217497 | val loss 0.0000028610



Evaluation and checkpointing ...



checkpoint_2025-12-30_18-53 : iter       6762 | epoch 3.50 | train loss 0.0000000258 | val loss 0.0000000215



Evaluation and checkpointing ...



checkpoint_2025-12-30_18-56 : iter       7728 | epoch 4.00 | train loss 0.0000000018 | val loss 0.0000000016



Evaluation and checkpointing ...



checkpoint_2025-12-30_18-57 : iter       7732 | epoch 4.00 | train loss 0.0000000017 | val loss 0.0000000016

