|BATCH_LOSS: 0.00000 | TPS:   429676 tokens/sec. | ITERS: 3866 / 3866 | EPOCHS: 2.00 | COMP: 100.00% | LR: 0.0001 it./s | SPD: 152.5240 ms/it.| ERT: (0, 0, 0, 0) | ET: (0, 0, 13, 25)                  
val>|ITERS: 100 / 100 | COMP: 100.00% | RATE: 15.16 it./s | SPD: 0.0660 s/it.| ERT: (0, 0, 0, 0) | ET: (0, 0, 0, 14)                                                                                    

vocab_size: 30

Compiling the model... (takes a ~minute)

Evaluating initial loss

INITIAL LOSS: train loss 4.530738895169861e-09 | val loss 3.026798367500305e-09

INIT ITER TIME: 129.48800206184387

INIT ITER TIME: 0.18081331253051758

INIT ITER TIME: 0.15437865257263184

INIT ITER TIME: 0.15535593032836914

INIT ITER TIME: 0.1530449390411377

INIT ITER TIME: 0.15364527702331543

INIT ITER TIME: 0.15382862091064453

INIT ITER TIME: 0.15435218811035156

INIT ITER TIME: 0.15297389030456543

INIT ITER TIME: 0.15384292602539062

INIT ITER TIME: 0.15284156799316406


Evaluation and checkpointing ...



checkpoint_2025-12-30_04-56 : iter        966 | epoch 0.50 | train loss 0.0000139732 | val loss 0.0000005253



Evaluation and checkpointing ...



checkpoint_2025-12-30_04-59 : iter       1932 | epoch 1.00 | train loss 0.0000330664 | val loss 0.0000042021



Evaluation and checkpointing ...



checkpoint_2025-12-30_05-02 : iter       2898 | epoch 1.50 | train loss 0.0000172138 | val loss 0.0000002058



Evaluation and checkpointing ...



checkpoint_2025-12-30_05-04 : iter       3864 | epoch 2.00 | train loss 0.0000052649 | val loss 0.0000000155



Evaluation and checkpointing ...



checkpoint_2025-12-30_05-05 : iter       3866 | epoch 2.00 | train loss 0.0000033314 | val loss 0.0000000281

