|BATCH_LOSS: 0.00000 | TPS:   385718 tokens/sec. | ITERS: 7732 / 7732 | EPOCHS: 4.00 | COMP: 100.00% | LR: 0.0001 it./s | SPD: 169.9061 ms/it.| ERT: (0, 0, 0, 0) | ET: (0, 0, 27, 59)                  
val>|ITERS: 100 / 100 | COMP: 100.00% | RATE: 12.70 it./s | SPD: 0.0787 s/it.| ERT: (0, 0, 0, 0) | ET: (0, 0, 0, 17)                                                                                    

vocab_size: 30

Compiling the model... (takes a ~minute)

Evaluating initial loss

INITIAL LOSS: train loss 19.5625 | val loss 19.375

INIT ITER TIME: 163.28337574005127

INIT ITER TIME: 0.18879413604736328

INIT ITER TIME: 0.17051267623901367

INIT ITER TIME: 0.17029118537902832

INIT ITER TIME: 0.1711874008178711

INIT ITER TIME: 0.17058873176574707

INIT ITER TIME: 0.17093300819396973

INIT ITER TIME: 0.17158722877502441

INIT ITER TIME: 0.1712050437927246

INIT ITER TIME: 0.1702592372894287

INIT ITER TIME: 0.17039084434509277


Evaluation and checkpointing ...



checkpoint_2025-12-31_06-18 : iter        966 | epoch 0.50 | train loss 0.0003672123 | val loss 0.0002422333



Evaluation and checkpointing ...



checkpoint_2025-12-31_06-21 : iter       1932 | epoch 1.00 | train loss 0.0008746958 | val loss 0.0028228760



Evaluation and checkpointing ...



checkpoint_2025-12-31_06-24 : iter       2898 | epoch 1.50 | train loss 0.0000230607 | val loss 0.0000241995



Evaluation and checkpointing ...



checkpoint_2025-12-31_06-27 : iter       3864 | epoch 2.00 | train loss 0.0000761371 | val loss 0.0000049174



Evaluation and checkpointing ...



checkpoint_2025-12-31_06-30 : iter       4830 | epoch 2.50 | train loss 0.0003668237 | val loss 0.0000972748



Evaluation and checkpointing ...



checkpoint_2025-12-31_06-34 : iter       5796 | epoch 3.00 | train loss 0.0002189600 | val loss 0.0002593994



Evaluation and checkpointing ...



checkpoint_2025-12-31_06-37 : iter       6762 | epoch 3.50 | train loss 0.0000078258 | val loss 0.0000007898



Evaluation and checkpointing ...



checkpoint_2025-12-31_06-40 : iter       7728 | epoch 4.00 | train loss 0.0000000033 | val loss 0.0000000038



Evaluation and checkpointing ...



checkpoint_2025-12-31_06-40 : iter       7732 | epoch 4.00 | train loss 0.0000000033 | val loss 0.0000000038

