|BATCH_LOSS: 0.00000 | TPS:   371352 tokens/sec. | ITERS: 7732 / 7732 | EPOCHS: 4.00 | COMP: 100.00% | LR: 0.0001 it./s | SPD: 176.4791 ms/it.| ERT: (0, 0, 0, 0) | ET: (0, 0, 33, 20)                  
val>|ITERS: 100 / 100 | COMP: 100.00% | RATE: 10.44 it./s | SPD: 0.0958 s/it.| ERT: (0, 0, 0, 0) | ET: (0, 0, 0, 20)                                                                                    

vocab_size: 30

Compiling the model... (takes a ~minute)

Evaluating initial loss

INITIAL LOSS: train loss 23.888750076293945 | val loss 24.0

INIT ITER TIME: 171.62152671813965

INIT ITER TIME: 0.23459172248840332

INIT ITER TIME: 0.20691609382629395

INIT ITER TIME: 0.20142221450805664

INIT ITER TIME: 0.19998955726623535

INIT ITER TIME: 0.20293688774108887

INIT ITER TIME: 0.20518708229064941

INIT ITER TIME: 0.20648813247680664

INIT ITER TIME: 0.20420455932617188

INIT ITER TIME: 0.20746874809265137

INIT ITER TIME: 0.2084352970123291


Evaluation and checkpointing ...



checkpoint_2025-12-31_02-59 : iter        966 | epoch 0.50 | train loss 0.0000095274 | val loss 0.0000144243



Evaluation and checkpointing ...



checkpoint_2025-12-31_03-03 : iter       1932 | epoch 1.00 | train loss 0.0000044680 | val loss 0.0000001350



Evaluation and checkpointing ...



checkpoint_2025-12-31_03-07 : iter       2898 | epoch 1.50 | train loss 0.0000000015 | val loss 0.0000000013



Evaluation and checkpointing ...



checkpoint_2025-12-31_03-11 : iter       3864 | epoch 2.00 | train loss 0.0000000008 | val loss 0.0000000007



Evaluation and checkpointing ...



checkpoint_2025-12-31_03-15 : iter       4830 | epoch 2.50 | train loss 0.0000000008 | val loss 0.0000000008



Evaluation and checkpointing ...



checkpoint_2025-12-31_03-18 : iter       5796 | epoch 3.00 | train loss 0.0000000014 | val loss 0.0000000014



Evaluation and checkpointing ...



checkpoint_2025-12-31_03-22 : iter       6762 | epoch 3.50 | train loss 0.0000000022 | val loss 0.0000000018



Evaluation and checkpointing ...



checkpoint_2025-12-31_03-26 : iter       7728 | epoch 4.00 | train loss 0.0000000020 | val loss 0.0000000023



Evaluation and checkpointing ...



checkpoint_2025-12-31_03-26 : iter       7732 | epoch 4.00 | train loss 0.0000000020 | val loss 0.0000000023

