|BATCH_LOSS: 0.00000 | TPS:   437617 tokens/sec. | ITERS: 7732 / 7732 | EPOCHS: 4.00 | COMP: 100.00% | LR: 0.0001 it./s | SPD: 149.7562 ms/it.| ERT: (0, 0, 0, 0) | ET: (0, 0, 28, 3)                   
val>|ITERS: 100 / 100 | COMP: 100.00% | RATE: 14.82 it./s | SPD: 0.0675 s/it.| ERT: (0, 0, 0, 0) | ET: (0, 0, 0, 15)                                                                                    

vocab_size: 30

Compiling the model... (takes a ~minute)

Evaluating initial loss

INITIAL LOSS: train loss 25.641250610351562 | val loss 25.75

INIT ITER TIME: 130.85799098014832

INIT ITER TIME: 0.17453432083129883

INIT ITER TIME: 0.15217900276184082

INIT ITER TIME: 0.15236973762512207

INIT ITER TIME: 0.15092873573303223

INIT ITER TIME: 0.15151381492614746

INIT ITER TIME: 0.15188121795654297

INIT ITER TIME: 0.17634057998657227

INIT ITER TIME: 0.1945972442626953

INIT ITER TIME: 0.1516573429107666

INIT ITER TIME: 0.15081334114074707


Evaluation and checkpointing ...



checkpoint_2025-12-31_20-29 : iter        966 | epoch 0.50 | train loss 0.0000921237 | val loss 0.0000343323



Evaluation and checkpointing ...



checkpoint_2025-12-31_20-32 : iter       1932 | epoch 1.00 | train loss 0.0000654268 | val loss 0.0000144243



Evaluation and checkpointing ...



checkpoint_2025-12-31_20-35 : iter       2898 | epoch 1.50 | train loss 0.0000114203 | val loss 0.0000844002



Evaluation and checkpointing ...



checkpoint_2025-12-31_20-38 : iter       3864 | epoch 2.00 | train loss 0.0000000117 | val loss 0.0000000119



Evaluation and checkpointing ...



checkpoint_2025-12-31_20-41 : iter       4830 | epoch 2.50 | train loss 0.0015968132 | val loss 0.0022888184



Evaluation and checkpointing ...



checkpoint_2025-12-31_20-45 : iter       5796 | epoch 3.00 | train loss 0.0000157791 | val loss 0.0000081062



Evaluation and checkpointing ...



checkpoint_2025-12-31_20-48 : iter       6762 | epoch 3.50 | train loss 0.0000182695 | val loss 0.0000100136



Evaluation and checkpointing ...



checkpoint_2025-12-31_20-51 : iter       7728 | epoch 4.00 | train loss 0.0000000235 | val loss 0.0000000310



Evaluation and checkpointing ...



checkpoint_2025-12-31_20-51 : iter       7732 | epoch 4.00 | train loss 0.0000002719 | val loss 0.0000000345

