|BATCH_LOSS: 0.00000 | TPS:   432773 tokens/sec. | ITERS: 3866 / 3866 | EPOCHS: 2.00 | COMP: 100.00% | LR: 0.0001 it./s | SPD: 151.4325 ms/it.| ERT: (0, 0, 0, 0) | ET: (0, 0, 14, 14)                  
val>|ITERS: 100 / 100 | COMP: 100.00% | RATE: 15.08 it./s | SPD: 0.0663 s/it.| ERT: (0, 0, 0, 0) | ET: (0, 0, 0, 14)                                                                                    

vocab_size: 30

Compiling the model... (takes a ~minute)

Evaluating initial loss

INITIAL LOSS: train loss 1.532331168618839e-07 | val loss 1.0186340659856796e-08

INIT ITER TIME: 131.9710350036621

INIT ITER TIME: 0.17411255836486816

INIT ITER TIME: 0.1538395881652832

INIT ITER TIME: 0.15456414222717285

INIT ITER TIME: 0.15382146835327148

INIT ITER TIME: 0.15489506721496582

INIT ITER TIME: 0.1547255516052246

INIT ITER TIME: 0.15572881698608398

INIT ITER TIME: 0.15422916412353516

INIT ITER TIME: 0.15326285362243652

INIT ITER TIME: 0.15335512161254883


Evaluation and checkpointing ...



checkpoint_2025-12-30_03-55 : iter        966 | epoch 0.50 | train loss 0.0004162729 | val loss 0.0010070801



Evaluation and checkpointing ...



checkpoint_2025-12-30_03-58 : iter       1932 | epoch 1.00 | train loss 0.0000181278 | val loss 0.0000043809



Evaluation and checkpointing ...



checkpoint_2025-12-30_04-01 : iter       2898 | epoch 1.50 | train loss 0.0000044623 | val loss 0.0000004675



Evaluation and checkpointing ...



checkpoint_2025-12-30_04-04 : iter       3864 | epoch 2.00 | train loss 0.0000000039 | val loss 0.0000000031



Evaluation and checkpointing ...



checkpoint_2025-12-30_04-04 : iter       3866 | epoch 2.00 | train loss 0.0000000041 | val loss 0.0000000030

