|BATCH_LOSS: 0.00000 | TPS:   434328 tokens/sec. | ITERS: 7732 / 7732 | EPOCHS: 4.00 | COMP: 100.00% | LR: 0.0001 it./s | SPD: 150.8904 ms/it.| ERT: (0, 0, 0, 0) | ET: (0, 0, 25, 6)                   
val>|ITERS: 100 / 100 | COMP: 100.00% | RATE: 15.18 it./s | SPD: 0.0659 s/it.| ERT: (0, 0, 0, 0) | ET: (0, 0, 0, 14)                                                                                    

vocab_size: 30

Compiling the model... (takes a ~minute)

Evaluating initial loss

INITIAL LOSS: train loss 33.087501525878906 | val loss 33.0

INIT ITER TIME: 131.09668850898743

INIT ITER TIME: 0.1776266098022461

INIT ITER TIME: 0.15250778198242188

INIT ITER TIME: 0.15216350555419922

INIT ITER TIME: 0.15196466445922852

INIT ITER TIME: 0.15175652503967285

INIT ITER TIME: 0.15161967277526855

INIT ITER TIME: 0.15202879905700684

INIT ITER TIME: 0.15095996856689453

INIT ITER TIME: 0.1498119831085205

INIT ITER TIME: 0.15083765983581543


Evaluation and checkpointing ...



checkpoint_2025-12-30_20-18 : iter        966 | epoch 0.50 | train loss 0.0002145886 | val loss 0.0001459122



Evaluation and checkpointing ...



checkpoint_2025-12-30_20-20 : iter       1932 | epoch 1.00 | train loss 0.0001111999 | val loss 0.0000119805



Evaluation and checkpointing ...



checkpoint_2025-12-30_20-23 : iter       2898 | epoch 1.50 | train loss 0.0000065381 | val loss 0.0000002021



Evaluation and checkpointing ...



checkpoint_2025-12-30_20-26 : iter       3864 | epoch 2.00 | train loss 0.0000000233 | val loss 0.0000000271



Evaluation and checkpointing ...



checkpoint_2025-12-30_20-29 : iter       4830 | epoch 2.50 | train loss 0.0016823864 | val loss 0.0016326904



Evaluation and checkpointing ...



checkpoint_2025-12-30_20-32 : iter       5796 | epoch 3.00 | train loss 0.0001731625 | val loss 0.0000538826



Evaluation and checkpointing ...



checkpoint_2025-12-30_20-35 : iter       6762 | epoch 3.50 | train loss 0.0000006545 | val loss 0.0000000545



Evaluation and checkpointing ...



checkpoint_2025-12-30_20-37 : iter       7728 | epoch 4.00 | train loss 0.0000000034 | val loss 0.0000000038



Evaluation and checkpointing ...



checkpoint_2025-12-30_20-38 : iter       7732 | epoch 4.00 | train loss 0.0000000041 | val loss 0.0000000040

